<?xml version="1.0" encoding="UTF-8"?>
<!-- Generated by org.testng.reporters.JUnitReportReporter -->
<testsuite hostname="LiuYuqitekiMacBook-Pro.local" name="demo.TestScrollPageDown" tests="1" failures="0" timestamp="25 May 2016 18:49:35 GMT" time="4.952" errors="0">
  <testcase name="scrollPageDown" time="4.952" classname="demo.TestScrollPageDown"/>
</testsuite> <!-- demo.TestScrollPageDown -->
